test1.obj : error LNK2019: 无法解析的外部符号 printf，函数 main 中引用了该符号
E:\学习资源\Code\2023-8-11\x64\Debug\2023-8-11.exe : fatal error LNK1120: 1 个无法解析的外部命令
